0 info it worked if it ends with ok
1 verbose cli [ '/usr/local/bin/node', '/usr/local/bin/npm', 'run', 'develop' ]
2 info using npm@3.10.10
3 info using node@v6.9.4
4 verbose run-script [ 'predevelop', 'develop', 'postdevelop' ]
5 info lifecycle rla-static-website@0.0.1~predevelop: rla-static-website@0.0.1
6 silly lifecycle rla-static-website@0.0.1~predevelop: no script for predevelop, continuing
7 info lifecycle rla-static-website@0.0.1~develop: rla-static-website@0.0.1
8 verbose lifecycle rla-static-website@0.0.1~develop: unsafe-perm in lifecycle true
9 verbose lifecycle rla-static-website@0.0.1~develop: PATH: /usr/local/lib/node_modules/npm/bin/node-gyp-bin:/Users/aaron.cork/projects/rla-static-site/node_modules/.bin:/Users/aaron.cork/projects/rla-static-site/node_modules/.bin:/Users/aaron.cork/.config/yarn/link/node_modules/.bin:/Users/aaron.cork/projects/rla-static-site/node_modules/.bin:/Users/aaron.cork/.config/yarn/link/node_modules/.bin:/usr/local/lib/node_modules/npm/bin/node-gyp-bin:/usr/local/bin/node_modules/npm/bin/node-gyp-bin:/usr/local/php5/bin:/usr/local/bin:/usr/bin:/bin:/usr/sbin:/sbin
10 verbose lifecycle rla-static-website@0.0.1~develop: CWD: /Users/aaron.cork/projects/rla-static-site
11 silly lifecycle rla-static-website@0.0.1~develop: Args: [ '-c', 'gatsby develop' ]
12 info lifecycle rla-static-website@0.0.1~develop: Failed to exec develop script
13 verbose stack Error: rla-static-website@0.0.1 develop: `gatsby develop`
13 verbose stack spawn ENOENT
13 verbose stack     at ChildProcess.<anonymous> (/usr/local/lib/node_modules/npm/lib/utils/spawn.js:33:16)
13 verbose stack     at emitTwo (events.js:106:13)
13 verbose stack     at ChildProcess.emit (events.js:191:7)
13 verbose stack     at maybeClose (internal/child_process.js:877:16)
13 verbose stack     at Process.ChildProcess._handle.onexit (internal/child_process.js:226:5)
14 verbose pkgid rla-static-website@0.0.1
15 verbose cwd /Users/aaron.cork/projects/rla-static-site
16 error Darwin 16.6.0
17 error argv "/usr/local/bin/node" "/usr/local/bin/npm" "run" "develop"
18 error node v6.9.4
19 error npm  v3.10.10
20 error file sh
21 error code ELIFECYCLE
22 error errno ENOENT
23 error syscall spawn
24 error rla-static-website@0.0.1 develop: `gatsby develop`
24 error spawn ENOENT
25 error Failed at the rla-static-website@0.0.1 develop script 'gatsby develop'.
25 error Make sure you have the latest version of node.js and npm installed.
25 error If you do, this is most likely a problem with the rla-static-website package,
25 error not with npm itself.
25 error Tell the author that this fails on your system:
25 error     gatsby develop
25 error You can get information on how to open an issue for this project with:
25 error     npm bugs rla-static-website
25 error Or if that isn't available, you can get their info via:
25 error     npm owner ls rla-static-website
25 error There is likely additional logging output above.
26 verbose exit [ 1, true ]
